0 silly argv { _: [ 'import' ],
0 silly argv   lernaVersion: '3.13.0',
0 silly argv   '$0': '/usr/local/bin/lerna',
0 silly argv   dir: '../../project/github/lottery' }
1 notice cli v3.13.0
2 verbose rootPath /Users/weineel/sprint/typescript-sprint
3 error Error: Command failed: git rev-parse HEAD
3 error fatal: ambiguous argument 'HEAD': unknown revision or path not in the working tree.
3 error Use '--' to separate paths from revisions, like this:
3 error 'git <command> [<revision>...] -- [<file>...]'
3 error
3 error HEAD
3 error
3 error     at makeError (/Users/weineel/.config/yarn/global/node_modules/execa/index.js:174:9)
3 error     at Function.module.exports.sync (/Users/weineel/.config/yarn/global/node_modules/execa/index.js:338:15)
3 error     at Object.execSync (/Users/weineel/.config/yarn/global/node_modules/@lerna/child-process/index.js:22:16)
3 error     at ImportCommand.getCurrentSHA (/Users/weineel/.config/yarn/global/node_modules/@lerna/import/index.js:129:34)
3 error     at ImportCommand.initialize (/Users/weineel/.config/yarn/global/node_modules/@lerna/import/index.js:98:31)
3 error     at Promise.resolve.then (/Users/weineel/.config/yarn/global/node_modules/@lerna/command/index.js:271:24)
3 error     at <anonymous>
